<?xml version="1.0" encoding="UTF-8"?>
<testng-results skipped="0" failed="0" total="1" passed="1">
  <reporter-output>
  </reporter-output>
  <suite name="Default suite" duration-ms="4956" started-at="2017-04-13T12:42:42Z" finished-at="2017-04-13T12:42:47Z">
    <groups>
    </groups>
    <test name="Default test" duration-ms="4956" started-at="2017-04-13T12:42:42Z" finished-at="2017-04-13T12:42:47Z">
      <class name="test.MavenTest1">
        <test-method status="PASS" signature="Login()[pri:0, instance:test.MavenTest1@7dc7cbad]" name="Login" duration-ms="4935" started-at="2017-04-13T08:42:42Z" finished-at="2017-04-13T08:42:47Z">
          <reporter-output>
          </reporter-output>
        </test-method> <!-- Login -->
      </class> <!-- test.MavenTest1 -->
    </test> <!-- Default test -->
  </suite> <!-- Default suite -->
</testng-results>
